<?xml version="1.0" encoding="UTF-8"?>
<!-- Generated by org.testng.reporters.JUnitReportReporter -->
<testsuite skipped="4" hostname="DESKTOP-B75F35K" name="smokeTest.ValidateSmokeTest" tests="31" failures="0" timestamp="04 Mar 2019 10:05:14 GMT" time="486.349" errors="0">
  <testcase name="ValidateLogin" time="27.422" classname="smokeTest.ValidateSmokeTest"/>
  <testcase name="ValidateFavoriteIcon" time="13.820" classname="smokeTest.ValidateSmokeTest"/>
  <testcase name="ValidateSearching" time="6.787" classname="smokeTest.ValidateSmokeTest"/>
  <testcase name="ValidatePDPandAddToCart" time="29.523" classname="smokeTest.ValidateSmokeTest"/>
  <testcase name="ValidateRecentViewLink" time="18.238" classname="smokeTest.ValidateSmokeTest"/>
  <testcase name="ValidateFooterLogo" time="2.777" classname="smokeTest.ValidateSmokeTest"/>
  <testcase name="ValidateMyProfNavigation" time="5.210" classname="smokeTest.ValidateSmokeTest"/>
  <testcase name="ValidateHeaderLogo" time="2.072" classname="smokeTest.ValidateSmokeTest"/>
  <testcase name="ValidateStandardsCatalog" time="5.081" classname="smokeTest.ValidateSmokeTest"/>
  <testcase name="ValidateStandardsCatalogDetail" time="18.380" classname="smokeTest.ValidateSmokeTest"/>
  <testcase name="ValidateAllProduct" time="1.932" classname="smokeTest.ValidateSmokeTest"/>
  <testcase name="ValidateAudioCablesCategory" time="5.119" classname="smokeTest.ValidateSmokeTest"/>
  <testcase name="ValidateResources" time="12.784" classname="smokeTest.ValidateSmokeTest"/>
  <testcase name="ValidateSpecialOffer" time="5.311" classname="smokeTest.ValidateSmokeTest"/>
  <testcase name="ValidateCartPage" time="8.683" classname="smokeTest.ValidateSmokeTest"/>
  <testcase name="ValidateCheckoutProcess" time="62.945" classname="smokeTest.ValidateSmokeTest"/>
  <testcase name="ValidateCheckoutHeaderLogo" time="13.209" classname="smokeTest.ValidateSmokeTest"/>
  <testcase name="ValidateCheckoutFooterLogo" time="2.868" classname="smokeTest.ValidateSmokeTest"/>
  <testcase name="ValidateFooterLinks" time="74.792" classname="smokeTest.ValidateSmokeTest"/>
  <testcase name="ValidateTrackpage" time="13.423" classname="smokeTest.ValidateSmokeTest"/>
  <testcase name="ValidateordersPage" time="17.497" classname="smokeTest.ValidateSmokeTest"/>
  <testcase name="ValidatePurchaseAnalysisPage" time="24.070" classname="smokeTest.ValidateSmokeTest"/>
  <testcase name="ValidatePAEmail" time="1.364" classname="smokeTest.ValidateSmokeTest"/>
  <testcase name="ValidateCalendarPage" time="9.226" classname="smokeTest.ValidateSmokeTest"/>
  <testcase name="ValidateCalendarLinks" time="46.787" classname="smokeTest.ValidateSmokeTest"/>
  <testcase name="ValidateSavedReports" time="14.491" classname="smokeTest.ValidateSmokeTest"/>
  <testcase name="ValidateCompaePage" time="42.538" classname="smokeTest.ValidateSmokeTest"/>
  <testcase name="ValidateRemoveFromCart" classname="smokeTest.ValidateSmokeTest">
    <skipped/>
  </testcase> <!-- ValidateRemoveFromCart -->
  <testcase name="ValidateAddTofavorites" classname="smokeTest.ValidateSmokeTest">
    <skipped/>
  </testcase> <!-- ValidateAddTofavorites -->
  <testcase name="ValidateAllReportsLinks" classname="smokeTest.ValidateSmokeTest">
    <skipped/>
  </testcase> <!-- ValidateAllReportsLinks -->
  <testcase name="ValidateAddToCart" classname="smokeTest.ValidateSmokeTest">
    <skipped/>
  </testcase> <!-- ValidateAddToCart -->
</testsuite> <!-- smokeTest.ValidateSmokeTest -->
