<?xml version="1.0" encoding="UTF-8"?>
<!-- Generated by org.testng.reporters.JUnitReportReporter -->
<testsuite skipped="5" hostname="DESKTOP-B75F35K" name="smokeTest.ValidateSmokeTest" tests="31" failures="0" timestamp="14 May 2019 15:06:51 GMT" time="754.084" errors="0">
  <testcase name="ValidateLogin" time="66.250" classname="smokeTest.ValidateSmokeTest"/>
  <testcase name="ValidateFavoriteIcon" time="25.667" classname="smokeTest.ValidateSmokeTest"/>
  <testcase name="ValidateSearching" time="67.945" classname="smokeTest.ValidateSmokeTest"/>
  <testcase name="ValidatePDPandAddToCart" time="33.009" classname="smokeTest.ValidateSmokeTest"/>
  <testcase name="ValidateRecentViewLink" time="20.129" classname="smokeTest.ValidateSmokeTest"/>
  <testcase name="ValidateFooterLogo" time="5.612" classname="smokeTest.ValidateSmokeTest"/>
  <testcase name="ValidateMyProfNavigation" time="11.130" classname="smokeTest.ValidateSmokeTest"/>
  <testcase name="ValidateHeaderLogo" time="4.694" classname="smokeTest.ValidateSmokeTest"/>
  <testcase name="ValidateStandardsCatalog" time="11.384" classname="smokeTest.ValidateSmokeTest"/>
  <testcase name="ValidateStandardsCatalogDetail" time="21.224" classname="smokeTest.ValidateSmokeTest"/>
  <testcase name="ValidateAllProduct" time="8.863" classname="smokeTest.ValidateSmokeTest"/>
  <testcase name="ValidateAudioCablesCategory" time="8.612" classname="smokeTest.ValidateSmokeTest"/>
  <testcase name="ValidateResources" time="44.901" classname="smokeTest.ValidateSmokeTest"/>
  <testcase name="ValidateSpecialOffer" time="23.419" classname="smokeTest.ValidateSmokeTest"/>
  <testcase name="ValidateCartPage" time="13.883" classname="smokeTest.ValidateSmokeTest"/>
  <testcase name="ValidateCheckoutProcess" time="85.592" classname="smokeTest.ValidateSmokeTest"/>
  <testcase name="ValidateCheckoutHeaderLogo" time="21.424" classname="smokeTest.ValidateSmokeTest"/>
  <testcase name="ValidateCheckoutFooterLogo" time="11.185" classname="smokeTest.ValidateSmokeTest"/>
  <testcase name="ValidateFooterLinks" time="93.213" classname="smokeTest.ValidateSmokeTest"/>
  <testcase name="ValidateTrackpage" time="16.090" classname="smokeTest.ValidateSmokeTest"/>
  <testcase name="ValidateordersPage" time="21.046" classname="smokeTest.ValidateSmokeTest"/>
  <testcase name="ValidatePurchaseAnalysisPage" time="37.503" classname="smokeTest.ValidateSmokeTest"/>
  <testcase name="ValidatePAEmail" time="1.136" classname="smokeTest.ValidateSmokeTest"/>
  <testcase name="ValidateCalendarPage" time="11.859" classname="smokeTest.ValidateSmokeTest"/>
  <testcase name="ValidateSavedReports" time="24.825" classname="smokeTest.ValidateSmokeTest"/>
  <testcase name="ValidateComparePage" time="63.489" classname="smokeTest.ValidateSmokeTest"/>
  <testcase name="ValidateRemoveFromCart" classname="smokeTest.ValidateSmokeTest">
    <skipped/>
  </testcase> <!-- ValidateRemoveFromCart -->
  <testcase name="ValidateAddTofavorites" classname="smokeTest.ValidateSmokeTest">
    <skipped/>
  </testcase> <!-- ValidateAddTofavorites -->
  <testcase name="ValidateAllReportsLinks" classname="smokeTest.ValidateSmokeTest">
    <skipped/>
  </testcase> <!-- ValidateAllReportsLinks -->
  <testcase name="ValidateCalendarLinks" classname="smokeTest.ValidateSmokeTest">
    <skipped/>
  </testcase> <!-- ValidateCalendarLinks -->
  <testcase name="ValidateAddToCart" classname="smokeTest.ValidateSmokeTest">
    <skipped/>
  </testcase> <!-- ValidateAddToCart -->
</testsuite> <!-- smokeTest.ValidateSmokeTest -->
